  exercise.cpp
D:\Autumn of 2023\Numerical Algebra\naHomework6\NAHomework6\exercise.cpp(669,11): warning C4267: “初始化”: 从“size_t”转换到“int”，可能丢失数据
D:\Autumn of 2023\Numerical Algebra\naHomework6\NAHomework6\exercise.cpp(670,11): warning C4267: “初始化”: 从“size_t”转换到“int”，可能丢失数据
D:\Autumn of 2023\Numerical Algebra\naHomework6\NAHomework6\exercise.cpp(822,12): warning C4267: “初始化”: 从“size_t”转换到“int”，可能丢失数据
D:\Autumn of 2023\Numerical Algebra\naHomework6\NAHomework6\exercise.cpp(831,12): warning C4267: “初始化”: 从“size_t”转换到“int”，可能丢失数据
D:\Autumn of 2023\Numerical Algebra\naHomework6\NAHomework6\exercise.cpp(840,12): warning C4267: “初始化”: 从“size_t”转换到“int”，可能丢失数据
D:\Autumn of 2023\Numerical Algebra\naHomework6\NAHomework6\exercise.cpp(1072,11): warning C4267: “初始化”: 从“size_t”转换到“int”，可能丢失数据
  function.cpp
D:\Autumn of 2023\Numerical Algebra\naHomework6\NAHomework6\function.cpp(11,11): warning C4267: “初始化”: 从“size_t”转换到“int”，可能丢失数据
D:\Autumn of 2023\Numerical Algebra\naHomework6\NAHomework6\function.cpp(12,11): warning C4267: “初始化”: 从“size_t”转换到“int”，可能丢失数据
D:\Autumn of 2023\Numerical Algebra\naHomework6\NAHomework6\function.cpp(44,11): warning C4267: “初始化”: 从“size_t”转换到“int”，可能丢失数据
D:\Autumn of 2023\Numerical Algebra\naHomework6\NAHomework6\function.cpp(57,11): warning C4267: “初始化”: 从“size_t”转换到“int”，可能丢失数据
D:\Autumn of 2023\Numerical Algebra\naHomework6\NAHomework6\function.cpp(77,11): warning C4267: “初始化”: 从“size_t”转换到“int”，可能丢失数据
D:\Autumn of 2023\Numerical Algebra\naHomework6\NAHomework6\function.cpp(90,11): warning C4267: “初始化”: 从“size_t”转换到“int”，可能丢失数据
D:\Autumn of 2023\Numerical Algebra\naHomework6\NAHomework6\function.cpp(109,11): warning C4267: “初始化”: 从“size_t”转换到“int”，可能丢失数据
D:\Autumn of 2023\Numerical Algebra\naHomework6\NAHomework6\function.cpp(125,11): warning C4267: “初始化”: 从“size_t”转换到“int”，可能丢失数据
D:\Autumn of 2023\Numerical Algebra\naHomework6\NAHomework6\function.cpp(184,11): warning C4267: “初始化”: 从“size_t”转换到“int”，可能丢失数据
D:\Autumn of 2023\Numerical Algebra\naHomework6\NAHomework6\function.cpp(238,11): warning C4267: “初始化”: 从“size_t”转换到“int”，可能丢失数据
D:\Autumn of 2023\Numerical Algebra\naHomework6\NAHomework6\function.cpp(263,11): warning C4267: “初始化”: 从“size_t”转换到“int”，可能丢失数据
D:\Autumn of 2023\Numerical Algebra\naHomework6\NAHomework6\function.cpp(285,11): warning C4267: “初始化”: 从“size_t”转换到“int”，可能丢失数据
D:\Autumn of 2023\Numerical Algebra\naHomework6\NAHomework6\function.cpp(303,14): warning C4267: “初始化”: 从“size_t”转换到“int”，可能丢失数据
D:\Autumn of 2023\Numerical Algebra\naHomework6\NAHomework6\function.cpp(304,14): warning C4267: “初始化”: 从“size_t”转换到“int”，可能丢失数据
D:\Autumn of 2023\Numerical Algebra\naHomework6\NAHomework6\function.cpp(318,11): warning C4267: “初始化”: 从“size_t”转换到“int”，可能丢失数据
D:\Autumn of 2023\Numerical Algebra\naHomework6\NAHomework6\function.cpp(342,11): warning C4267: “初始化”: 从“size_t”转换到“int”，可能丢失数据
D:\Autumn of 2023\Numerical Algebra\naHomework6\NAHomework6\function.cpp(353,11): warning C4267: “初始化”: 从“size_t”转换到“int”，可能丢失数据
D:\Autumn of 2023\Numerical Algebra\naHomework6\NAHomework6\function.cpp(497,17): warning C4267: “初始化”: 从“size_t”转换到“int”，可能丢失数据
D:\Autumn of 2023\Numerical Algebra\naHomework6\NAHomework6\function.cpp(498,17): warning C4267: “初始化”: 从“size_t”转换到“int”，可能丢失数据
D:\Autumn of 2023\Numerical Algebra\naHomework6\NAHomework6\function.cpp(514,11): warning C4267: “初始化”: 从“size_t”转换到“int”，可能丢失数据
D:\Autumn of 2023\Numerical Algebra\naHomework6\NAHomework6\function.cpp(542,11): warning C4267: “初始化”: 从“size_t”转换到“int”，可能丢失数据
D:\Autumn of 2023\Numerical Algebra\naHomework6\NAHomework6\function.cpp(608,11): warning C4267: “初始化”: 从“size_t”转换到“int”，可能丢失数据
D:\Autumn of 2023\Numerical Algebra\naHomework6\NAHomework6\function.cpp(609,11): warning C4267: “初始化”: 从“size_t”转换到“int”，可能丢失数据
D:\Autumn of 2023\Numerical Algebra\naHomework6\NAHomework6\function.cpp(681,11): warning C4267: “初始化”: 从“size_t”转换到“int”，可能丢失数据
D:\Autumn of 2023\Numerical Algebra\naHomework6\NAHomework6\function.cpp(682,11): warning C4267: “初始化”: 从“size_t”转换到“int”，可能丢失数据
D:\Autumn of 2023\Numerical Algebra\naHomework6\NAHomework6\function.cpp(707,11): warning C4267: “初始化”: 从“size_t”转换到“int”，可能丢失数据
D:\Autumn of 2023\Numerical Algebra\naHomework6\NAHomework6\function.cpp(708,11): warning C4267: “初始化”: 从“size_t”转换到“int”，可能丢失数据
D:\Autumn of 2023\Numerical Algebra\naHomework6\NAHomework6\function.cpp(731,11): warning C4267: “初始化”: 从“size_t”转换到“int”，可能丢失数据
D:\Autumn of 2023\Numerical Algebra\naHomework6\NAHomework6\function.cpp(749,11): warning C4267: “初始化”: 从“size_t”转换到“int”，可能丢失数据
D:\Autumn of 2023\Numerical Algebra\naHomework6\NAHomework6\function.cpp(775,11): warning C4267: “初始化”: 从“size_t”转换到“int”，可能丢失数据
D:\Autumn of 2023\Numerical Algebra\naHomework6\NAHomework6\function.cpp(790,15): warning C4267: “初始化”: 从“size_t”转换到“int”，可能丢失数据
D:\Autumn of 2023\Numerical Algebra\naHomework6\NAHomework6\function.cpp(791,15): warning C4267: “初始化”: 从“size_t”转换到“int”，可能丢失数据
D:\Autumn of 2023\Numerical Algebra\naHomework6\NAHomework6\function.cpp(792,15): warning C4267: “初始化”: 从“size_t”转换到“int”，可能丢失数据
D:\Autumn of 2023\Numerical Algebra\naHomework6\NAHomework6\function.cpp(793,15): warning C4267: “初始化”: 从“size_t”转换到“int”，可能丢失数据
D:\Autumn of 2023\Numerical Algebra\naHomework6\NAHomework6\function.cpp(821,11): warning C4267: “初始化”: 从“size_t”转换到“int”，可能丢失数据
D:\Autumn of 2023\Numerical Algebra\naHomework6\NAHomework6\function.cpp(822,11): warning C4267: “初始化”: 从“size_t”转换到“int”，可能丢失数据
D:\Autumn of 2023\Numerical Algebra\naHomework6\NAHomework6\function.cpp(860,11): warning C4267: “初始化”: 从“size_t”转换到“int”，可能丢失数据
D:\Autumn of 2023\Numerical Algebra\naHomework6\NAHomework6\function.cpp(868,11): warning C4267: “初始化”: 从“size_t”转换到“int”，可能丢失数据
D:\Autumn of 2023\Numerical Algebra\naHomework6\NAHomework6\function.cpp(897,11): warning C4267: “初始化”: 从“size_t”转换到“int”，可能丢失数据
D:\Autumn of 2023\Numerical Algebra\naHomework6\NAHomework6\function.cpp(928,11): warning C4267: “初始化”: 从“size_t”转换到“int”，可能丢失数据
D:\Autumn of 2023\Numerical Algebra\naHomework6\NAHomework6\function.cpp(960,11): warning C4267: “初始化”: 从“size_t”转换到“int”，可能丢失数据
D:\Autumn of 2023\Numerical Algebra\naHomework6\NAHomework6\function.cpp(1001,25): warning C4244: “=”: 从“const _Ty”转换到“int”，可能丢失数据
D:\Autumn of 2023\Numerical Algebra\naHomework6\NAHomework6\function.cpp(1001,25): warning C4244:         with
D:\Autumn of 2023\Numerical Algebra\naHomework6\NAHomework6\function.cpp(1001,25): warning C4244:         [
D:\Autumn of 2023\Numerical Algebra\naHomework6\NAHomework6\function.cpp(1001,25): warning C4244:             _Ty=double
D:\Autumn of 2023\Numerical Algebra\naHomework6\NAHomework6\function.cpp(1001,25): warning C4244:         ]
D:\Autumn of 2023\Numerical Algebra\naHomework6\NAHomework6\function.cpp(1093,11): warning C4267: “初始化”: 从“size_t”转换到“int”，可能丢失数据
D:\Autumn of 2023\Numerical Algebra\naHomework6\NAHomework6\function.cpp(1108,11): warning C4267: “初始化”: 从“size_t”转换到“int”，可能丢失数据
D:\Autumn of 2023\Numerical Algebra\naHomework6\NAHomework6\function.cpp(1150,11): warning C4267: “初始化”: 从“size_t”转换到“int”，可能丢失数据
D:\Autumn of 2023\Numerical Algebra\naHomework6\NAHomework6\function.cpp(1191,11): warning C4267: “初始化”: 从“size_t”转换到“int”，可能丢失数据
D:\Autumn of 2023\Numerical Algebra\naHomework6\NAHomework6\function.cpp(1232,11): warning C4267: “初始化”: 从“size_t”转换到“int”，可能丢失数据
D:\Autumn of 2023\Numerical Algebra\naHomework6\NAHomework6\function.cpp(1275,25): warning C4244: “=”: 从“const _Ty”转换到“int”，可能丢失数据
D:\Autumn of 2023\Numerical Algebra\naHomework6\NAHomework6\function.cpp(1275,25): warning C4244:         with
D:\Autumn of 2023\Numerical Algebra\naHomework6\NAHomework6\function.cpp(1275,25): warning C4244:         [
D:\Autumn of 2023\Numerical Algebra\naHomework6\NAHomework6\function.cpp(1275,25): warning C4244:             _Ty=double
D:\Autumn of 2023\Numerical Algebra\naHomework6\NAHomework6\function.cpp(1275,25): warning C4244:         ]
D:\Autumn of 2023\Numerical Algebra\naHomework6\NAHomework6\function.cpp(1387,15): warning C4267: “初始化”: 从“size_t”转换到“int”，可能丢失数据
D:\Autumn of 2023\Numerical Algebra\naHomework6\NAHomework6\function.cpp(1455,11): warning C4267: “初始化”: 从“size_t”转换到“int”，可能丢失数据
D:\Autumn of 2023\Numerical Algebra\naHomework6\NAHomework6\function.cpp(1516,11): warning C4267: “初始化”: 从“size_t”转换到“int”，可能丢失数据
D:\Autumn of 2023\Numerical Algebra\naHomework6\NAHomework6\function.cpp(1529,11): warning C4267: “初始化”: 从“size_t”转换到“int”，可能丢失数据
D:\Autumn of 2023\Numerical Algebra\naHomework6\NAHomework6\function.cpp(1545,11): warning C4267: “初始化”: 从“size_t”转换到“int”，可能丢失数据
D:\Autumn of 2023\Numerical Algebra\naHomework6\NAHomework6\function.cpp(1594,27): warning C4267: “=”: 从“size_t”转换到“int”，可能丢失数据
D:\Autumn of 2023\Numerical Algebra\naHomework6\NAHomework6\function.cpp(1600,27): warning C4267: “=”: 从“size_t”转换到“int”，可能丢失数据
D:\Autumn of 2023\Numerical Algebra\naHomework6\NAHomework6\function.cpp(1614,17): warning C4267: “初始化”: 从“size_t”转换到“int”，可能丢失数据
D:\Autumn of 2023\Numerical Algebra\naHomework6\NAHomework6\function.cpp(1615,17): warning C4267: “初始化”: 从“size_t”转换到“int”，可能丢失数据
D:\Autumn of 2023\Numerical Algebra\naHomework6\NAHomework6\function.cpp(1624,11): warning C4267: “初始化”: 从“size_t”转换到“int”，可能丢失数据
D:\Autumn of 2023\Numerical Algebra\naHomework6\NAHomework6\function.cpp(1640,15): warning C4267: “初始化”: 从“size_t”转换到“int”，可能丢失数据
D:\Autumn of 2023\Numerical Algebra\naHomework6\NAHomework6\function.cpp(1692,11): warning C4267: “初始化”: 从“size_t”转换到“int”，可能丢失数据
D:\Autumn of 2023\Numerical Algebra\naHomework6\NAHomework6\function.cpp(1728,19): warning C4267: “初始化”: 从“size_t”转换到“int”，可能丢失数据
D:\Autumn of 2023\Numerical Algebra\naHomework6\NAHomework6\function.cpp(1752,15): warning C4267: “初始化”: 从“size_t”转换到“int”，可能丢失数据
D:\Autumn of 2023\Numerical Algebra\naHomework6\NAHomework6\function.cpp(1899,11): warning C4267: “初始化”: 从“size_t”转换到“int”，可能丢失数据
D:\Autumn of 2023\Numerical Algebra\naHomework6\NAHomework6\function.cpp(2007,11): warning C4267: “初始化”: 从“size_t”转换到“int”，可能丢失数据
D:\Autumn of 2023\Numerical Algebra\naHomework6\NAHomework6\function.cpp(2056,11): warning C4267: “初始化”: 从“size_t”转换到“int”，可能丢失数据
D:\Autumn of 2023\Numerical Algebra\naHomework6\NAHomework6\function.cpp(2067,11): warning C4267: “初始化”: 从“size_t”转换到“int”，可能丢失数据
D:\Autumn of 2023\Numerical Algebra\naHomework6\NAHomework6\function.cpp(2077,11): warning C4267: “初始化”: 从“size_t”转换到“int”，可能丢失数据
D:\Autumn of 2023\Numerical Algebra\naHomework6\NAHomework6\function.cpp(2089,37): warning C4267: “return”: 从“size_t”转换到“int”，可能丢失数据
D:\Autumn of 2023\Numerical Algebra\naHomework6\NAHomework6\function.cpp(2092,26): warning C4267: “return”: 从“size_t”转换到“int”，可能丢失数据
D:\Autumn of 2023\Numerical Algebra\naHomework6\NAHomework6\function.cpp(2096,11): warning C4267: “初始化”: 从“size_t”转换到“int”，可能丢失数据
D:\Autumn of 2023\Numerical Algebra\naHomework6\NAHomework6\function.cpp(2105,11): warning C4267: “初始化”: 从“size_t”转换到“int”，可能丢失数据
D:\Autumn of 2023\Numerical Algebra\naHomework6\NAHomework6\function.cpp(2106,11): warning C4267: “初始化”: 从“size_t”转换到“int”，可能丢失数据
D:\Autumn of 2023\Numerical Algebra\naHomework6\NAHomework6\function.cpp(2139,11): warning C4267: “初始化”: 从“size_t”转换到“int”，可能丢失数据
D:\Autumn of 2023\Numerical Algebra\naHomework6\NAHomework6\function.cpp(2165,11): warning C4267: “初始化”: 从“size_t”转换到“int”，可能丢失数据
  正在生成代码
  3 of 184 functions ( 1.6%) were compiled, the rest were copied from previous compilation.
    0 functions were new in current compilation
    0 functions had inline decision re-evaluated but remain unchanged
  已完成代码的生成
  NAHomework6.vcxproj -> D:\Autumn of 2023\Numerical Algebra\naHomework6\x64\Release\naHomework6.exe
