d:\autumn of 2023\numerical algebra\nahomework6\nahomework6\x64\debug\vc143.pdb
d:\autumn of 2023\numerical algebra\nahomework6\nahomework6\x64\debug\vc143.idb
d:\autumn of 2023\numerical algebra\nahomework6\nahomework6\x64\debug\nahomework6.obj
d:\autumn of 2023\numerical algebra\nahomework6\nahomework6\x64\debug\function.obj
d:\autumn of 2023\numerical algebra\nahomework6\nahomework6\x64\debug\exercise.obj
d:\autumn of 2023\numerical algebra\nahomework6\x64\debug\nahomework6.pdb
d:\autumn of 2023\numerical algebra\nahomework6\nahomework6\x64\debug\nahomework6.tlog\cl.command.1.tlog
d:\autumn of 2023\numerical algebra\nahomework6\nahomework6\x64\debug\nahomework6.tlog\cl.items.tlog
d:\autumn of 2023\numerical algebra\nahomework6\nahomework6\x64\debug\nahomework6.tlog\cl.read.1.tlog
d:\autumn of 2023\numerical algebra\nahomework6\nahomework6\x64\debug\nahomework6.tlog\cl.write.1.tlog
d:\autumn of 2023\numerical algebra\nahomework6\nahomework6\x64\debug\nahomework6.tlog\link.8492-cvtres.read.1.tlog
d:\autumn of 2023\numerical algebra\nahomework6\nahomework6\x64\debug\nahomework6.tlog\link.8492-cvtres.write.1.tlog
d:\autumn of 2023\numerical algebra\nahomework6\nahomework6\x64\debug\nahomework6.tlog\link.8492-rc.read.1.tlog
d:\autumn of 2023\numerical algebra\nahomework6\nahomework6\x64\debug\nahomework6.tlog\link.8492-rc.write.1.tlog
d:\autumn of 2023\numerical algebra\nahomework6\nahomework6\x64\debug\nahomework6.tlog\link.8492.read.1.tlog
d:\autumn of 2023\numerical algebra\nahomework6\nahomework6\x64\debug\nahomework6.tlog\link.8492.read.3.tlog
d:\autumn of 2023\numerical algebra\nahomework6\nahomework6\x64\debug\nahomework6.tlog\link.8492.write.1.tlog
d:\autumn of 2023\numerical algebra\nahomework6\nahomework6\x64\debug\nahomework6.tlog\link.command.1.tlog
d:\autumn of 2023\numerical algebra\nahomework6\nahomework6\x64\debug\nahomework6.tlog\link.read.1.tlog
d:\autumn of 2023\numerical algebra\nahomework6\nahomework6\x64\debug\nahomework6.tlog\link.write.1.tlog
